

================================================================
== Vivado HLS Report for 'interleave_manual_rnd'
================================================================
* Date:           Fri Apr  9 07:37:55 2021

* Version:        2019.2 (Build 2704478 on Wed Nov 06 22:10:23 MST 2019)
* Project:        hls_labA_7-2
* Solution:       solution1
* Product family: kintex7
* Target device:  xc7k70t-fbv676-1


================================================================
== Performance Estimates
================================================================
+ Timing: 
    * Summary: 
    +--------+---------+----------+------------+
    |  Clock |  Target | Estimated| Uncertainty|
    +--------+---------+----------+------------+
    |ap_clk  | 5.00 ns | 3.064 ns |   0.62 ns  |
    +--------+---------+----------+------------+

+ Latency: 
    * Summary: 
    +---------+---------+-----------+-----------+-----+-----+---------+
    |  Latency (cycles) |   Latency (absolute)  |  Interval | Pipeline|
    |   min   |   max   |    min    |    max    | min | max |   Type  |
    +---------+---------+-----------+-----------+-----+-----+---------+
    |        7|       12| 35.000 ns | 60.000 ns |    7|   12|   none  |
    +---------+---------+-----------+-----------+-----+-----+---------+

    + Detail: 
        * Instance: 
        N/A

        * Loop: 
        +----------+---------+---------+----------+-----------+-----------+------+----------+
        |          |  Latency (cycles) | Iteration|  Initiation Interval  | Trip |          |
        | Loop Name|   min   |   max   |  Latency |  achieved |   target  | Count| Pipelined|
        +----------+---------+---------+----------+-----------+-----------+------+----------+
        |- LOAD    |       10|       10|         3|          1|          1|     9|    yes   |
        |- WRITE   |        5|        5|         4|          1|          1|     3|    yes   |
        +----------+---------+---------+----------+-----------+-----------+------+----------+



================================================================
== Utilization Estimates
================================================================
* Summary: 
+-----------------+---------+-------+-------+-------+-----+
|       Name      | BRAM_18K| DSP48E|   FF  |  LUT  | URAM|
+-----------------+---------+-------+-------+-------+-----+
|DSP              |        -|      -|      -|      -|    -|
|Expression       |        -|      -|      0|    161|    -|
|FIFO             |        -|      -|      -|      -|    -|
|Instance         |        -|      -|      -|      -|    -|
|Memory           |        3|      -|      0|      0|    0|
|Multiplexer      |        -|      -|      -|    180|    -|
|Register         |        0|      -|    237|     64|    -|
+-----------------+---------+-------+-------+-------+-----+
|Total            |        3|      0|    237|    405|    0|
+-----------------+---------+-------+-------+-------+-----+
|Available        |      270|    240|  82000|  41000|    0|
+-----------------+---------+-------+-------+-------+-----+
|Utilization (%)  |        1|      0|   ~0  |   ~0  |    0|
+-----------------+---------+-------+-------+-------+-----+

+ Detail: 
    * Instance: 
    N/A

    * DSP48E: 
    N/A

    * Memory: 
    +----------+----------------------+---------+---+----+-----+------+-----+------+-------------+
    |  Memory  |        Module        | BRAM_18K| FF| LUT| URAM| Words| Bits| Banks| W*Bits*Banks|
    +----------+----------------------+---------+---+----+-----+------+-----+------+-------------+
    |x_x0_V_U  |interleave_manualbkb  |        1|  0|   0|    0|     3|    8|     1|           24|
    |x_x1_V_U  |interleave_manualbkb  |        1|  0|   0|    0|     3|    8|     1|           24|
    |x_x2_V_U  |interleave_manualbkb  |        1|  0|   0|    0|     3|    8|     1|           24|
    +----------+----------------------+---------+---+----+-----+------+-----+------+-------------+
    |Total     |                      |        3|  0|   0|    0|     9|   24|     3|           72|
    +----------+----------------------+---------+---+----+-----+------+-----+------+-------------+

    * FIFO: 
    N/A

    * Expression: 
    +-------------------------+----------+-------+---+----+------------+------------+
    |      Variable Name      | Operation| DSP48E| FF| LUT| Bitwidth P0| Bitwidth P1|
    +-------------------------+----------+-------+---+----+------------+------------+
    |add_ln10_1_fu_321_p2     |     +    |      0|  0|  15|           5|           8|
    |add_ln10_2_fu_327_p2     |     +    |      0|  0|  15|           5|           8|
    |add_ln10_fu_315_p2       |     +    |      0|  0|  15|           5|           8|
    |add_ln16_fu_363_p2       |     +    |      0|  0|  13|           4|           1|
    |add_ln19_fu_261_p2       |     +    |      0|  0|  10|           2|           1|
    |add_ln68_1_fu_284_p2     |     +    |      0|  0|   8|           8|           8|
    |add_ln68_fu_280_p2       |     +    |      0|  0|   8|           8|           8|
    |i_fu_300_p2              |     +    |      0|  0|  13|           4|           1|
    |idx_fu_267_p2            |     +    |      0|  0|  10|           2|           1|
    |icmp_ln14_fu_294_p2      |   icmp   |      0|  0|   9|           4|           4|
    |icmp_ln16_fu_369_p2      |   icmp   |      0|  0|   9|           4|           2|
    |icmp_ln19_fu_255_p2      |   icmp   |      0|  0|   8|           2|           2|
    |select_ln16_fu_375_p3    |  select  |      0|  0|   4|           1|           4|
    |ap_enable_pp0            |    xor   |      0|  0|   6|           1|           2|
    |ap_enable_pp1            |    xor   |      0|  0|   6|           1|           2|
    |ap_enable_reg_pp0_iter1  |    xor   |      0|  0|   6|           2|           1|
    |ap_enable_reg_pp1_iter1  |    xor   |      0|  0|   6|           2|           1|
    +-------------------------+----------+-------+---+----+------------+------------+
    |Total                    |          |      0|  0| 161|          60|          62|
    +-------------------------+----------+-------+---+----+------------+------------+

    * Multiplexer: 
    +--------------------------------+----+-----------+-----+-----------+
    |              Name              | LUT| Input Size| Bits| Total Bits|
    +--------------------------------+----+-----------+-----+-----------+
    |ap_NS_fsm                       |  27|          5|    1|          5|
    |ap_enable_reg_pp0_iter1         |   9|          2|    1|          2|
    |ap_enable_reg_pp0_iter3         |   9|          2|    1|          2|
    |ap_enable_reg_pp1_iter1         |   9|          2|    1|          2|
    |ap_enable_reg_pp1_iter2         |   9|          2|    1|          2|
    |ap_phi_mux_idx_0_phi_fu_192_p4  |   9|          2|    2|          4|
    |idx_0_reg_188                   |   9|          2|    2|          4|
    |indvars_iv_reg_177              |   9|          2|    2|          4|
    |phi_mul7_reg_222                |   9|          2|    8|         16|
    |phi_mul9_reg_233                |   9|          2|    8|         16|
    |phi_mul_reg_211                 |   9|          2|    8|         16|
    |ret_V_reg_244                   |   9|          2|    4|          8|
    |val_assign_reg_200              |   9|          2|    4|          8|
    |x_x0_V_address0                 |  15|          3|    2|          6|
    |x_x1_V_address0                 |  15|          3|    2|          6|
    |x_x2_V_address0                 |  15|          3|    2|          6|
    +--------------------------------+----+-----------+-----+-----------+
    |Total                           | 180|         38|   49|        107|
    +--------------------------------+----+-----------+-----+-----------+

    * Register: 
    +------------------------------------+----+----+-----+-----------+
    |                Name                | FF | LUT| Bits| Const Bits|
    +------------------------------------+----+----+-----+-----------+
    |add_ln68_1_reg_443                  |   8|   0|    8|          0|
    |ap_CS_fsm                           |   4|   0|    4|          0|
    |ap_enable_reg_pp0_iter0             |   1|   0|    1|          0|
    |ap_enable_reg_pp0_iter1             |   1|   0|    1|          0|
    |ap_enable_reg_pp0_iter2             |   1|   0|    1|          0|
    |ap_enable_reg_pp0_iter3             |   1|   0|    1|          0|
    |ap_enable_reg_pp1_iter0             |   1|   0|    1|          0|
    |ap_enable_reg_pp1_iter1             |   1|   0|    1|          0|
    |ap_enable_reg_pp1_iter2             |   1|   0|    1|          0|
    |icmp_ln14_reg_448                   |   1|   0|    1|          0|
    |icmp_ln19_reg_399                   |   1|   0|    1|          0|
    |idx_0_reg_188                       |   2|   0|    2|          0|
    |idx_reg_408                         |   2|   0|    2|          0|
    |indvars_iv_reg_177                  |   2|   0|    2|          0|
    |phi_mul7_reg_222                    |   8|   0|    8|          0|
    |phi_mul9_reg_233                    |   8|   0|    8|          0|
    |phi_mul_reg_211                     |   8|   0|    8|          0|
    |ret_V_reg_244                       |   4|   0|    4|          0|
    |tmp_2_reg_491                       |   2|   0|    2|          0|
    |tmp_2_reg_491_pp1_iter1_reg         |   2|   0|    2|          0|
    |tmp_3_reg_486                       |   2|   0|    2|          0|
    |tmp_3_reg_486_pp1_iter1_reg         |   2|   0|    2|          0|
    |tmp_4_reg_481                       |   2|   0|    2|          0|
    |tmp_4_reg_481_pp1_iter1_reg         |   2|   0|    2|          0|
    |tmp_V_reg_501                       |   8|   0|    8|          0|
    |trunc_ln1372_reg_462                |   3|   0|    3|          0|
    |trunc_ln1372_reg_462_pp1_iter1_reg  |   3|   0|    3|          0|
    |val_assign_reg_200                  |   4|   0|    4|          0|
    |x_x0_V_load_reg_428                 |   8|   0|    8|          0|
    |x_x1_V_load_reg_433                 |   8|   0|    8|          0|
    |x_x2_V_load_reg_438                 |   8|   0|    8|          0|
    |icmp_ln19_reg_399                   |  64|  32|    1|          0|
    |idx_0_reg_188                       |  64|  32|    2|          0|
    +------------------------------------+----+----+-----+-----------+
    |Total                               | 237|  64|  112|          0|
    +------------------------------------+----+----+-----+-----------+



================================================================
== Interface
================================================================
* Summary: 
+-----------------+-----+-----+------------+-----------------------+--------------+
|    RTL Ports    | Dir | Bits|  Protocol  |     Source Object     |    C Type    |
+-----------------+-----+-----+------------+-----------------------+--------------+
|ap_clk           |  in |    1| ap_ctrl_hs | interleave_manual_rnd | return value |
|ap_rst           |  in |    1| ap_ctrl_hs | interleave_manual_rnd | return value |
|ap_start         |  in |    1| ap_ctrl_hs | interleave_manual_rnd | return value |
|ap_done          | out |    1| ap_ctrl_hs | interleave_manual_rnd | return value |
|ap_idle          | out |    1| ap_ctrl_hs | interleave_manual_rnd | return value |
|ap_ready         | out |    1| ap_ctrl_hs | interleave_manual_rnd | return value |
|x_in_V_address0  | out |    4|  ap_memory |         x_in_V        |     array    |
|x_in_V_ce0       | out |    1|  ap_memory |         x_in_V        |     array    |
|x_in_V_q0        |  in |    8|  ap_memory |         x_in_V        |     array    |
|y_V_address0     | out |    2|  ap_memory |          y_V          |     array    |
|y_V_ce0          | out |    1|  ap_memory |          y_V          |     array    |
|y_V_we0          | out |    1|  ap_memory |          y_V          |     array    |
|y_V_d0           | out |    8|  ap_memory |          y_V          |     array    |
|load             |  in |    1|   ap_none  |          load         |    scalar    |
+-----------------+-----+-----+------------+-----------------------+--------------+

