

================================================================
== Vivado HLS Report for 'avg'
================================================================
* Date:           Thu Apr  8 17:30:11 2021

* Version:        2019.2 (Build 2704478 on Wed Nov 06 22:10:23 MST 2019)
* Project:        LabA_window_1d
* Solution:       poor_arch
* Product family: zynq
* Target device:  xc7z020-clg484-1


================================================================
== Performance Estimates
================================================================
+ Timing: 
    * Summary: 
    +--------+---------+----------+------------+
    |  Clock |  Target | Estimated| Uncertainty|
    +--------+---------+----------+------------+
    |ap_clk  | 5.00 ns | 3.728 ns |   0.63 ns  |
    +--------+---------+----------+------------+

+ Latency: 
    * Summary: 
    +---------+---------+----------+----------+-----+-----+---------+
    |  Latency (cycles) |  Latency (absolute) |  Interval | Pipeline|
    |   min   |   max   |    min   |    max   | min | max |   Type  |
    +---------+---------+----------+----------+-----+-----+---------+
    |      772|      772| 3.860 us | 3.860 us |  772|  772|   none  |
    +---------+---------+----------+----------+-----+-----+---------+

    + Detail: 
        * Instance: 
        N/A

        * Loop: 
        +----------+---------+---------+----------+-----------+-----------+------+----------+
        |          |  Latency (cycles) | Iteration|  Initiation Interval  | Trip |          |
        | Loop Name|   min   |   max   |  Latency |  achieved |   target  | Count| Pipelined|
        +----------+---------+---------+----------+-----------+-----------+------+----------+
        |- COMP    |      770|      770|         6|          3|          1|   256|    yes   |
        +----------+---------+---------+----------+-----------+-----------+------+----------+



================================================================
== Utilization Estimates
================================================================
* Summary: 
+-----------------+---------+-------+--------+-------+-----+
|       Name      | BRAM_18K| DSP48E|   FF   |  LUT  | URAM|
+-----------------+---------+-------+--------+-------+-----+
|DSP              |        -|      -|       -|      -|    -|
|Expression       |        -|      -|       0|    111|    -|
|FIFO             |        -|      -|       -|      -|    -|
|Instance         |        -|      -|       -|      -|    -|
|Memory           |        -|      -|       -|      -|    -|
|Multiplexer      |        -|      -|       -|     81|    -|
|Register         |        -|      -|     101|      -|    -|
+-----------------+---------+-------+--------+-------+-----+
|Total            |        0|      0|     101|    192|    0|
+-----------------+---------+-------+--------+-------+-----+
|Available        |      280|    220|  106400|  53200|    0|
+-----------------+---------+-------+--------+-------+-----+
|Utilization (%)  |        0|      0|   ~0   |   ~0  |    0|
+-----------------+---------+-------+--------+-------+-----+

+ Detail: 
    * Instance: 
    N/A

    * DSP48E: 
    N/A

    * Memory: 
    N/A

    * FIFO: 
    N/A

    * Expression: 
    +----------------------+----------+-------+---+----+------------+------------+
    |     Variable Name    | Operation| DSP48E| FF| LUT| Bitwidth P0| Bitwidth P1|
    +----------------------+----------+-------+---+----+------------+------------+
    |add_ln24_1_fu_141_p2  |     +    |      0|  0|  15|           2|           8|
    |add_ln24_2_fu_172_p2  |     +    |      0|  0|  15|           1|           8|
    |i_fu_125_p2           |     +    |      0|  0|  15|           9|           1|
    |ret_V_1_fu_219_p2     |     +    |      0|  0|  10|          10|          10|
    |ret_V_fu_210_p2       |     +    |      0|  0|  10|          10|          10|
    |tmp_fu_135_p2         |     +    |      0|  0|  15|           2|           9|
    |icmp_ln22_fu_119_p2   |   icmp   |      0|  0|  13|           9|          10|
    |select_ln5_fu_155_p3  |  select  |      0|  0|   8|           1|           1|
    |select_ln7_fu_184_p3  |  select  |      0|  0|   8|           1|           2|
    |ap_enable_pp0         |    xor   |      0|  0|   2|           1|           2|
    +----------------------+----------+-------+---+----+------------+------------+
    |Total                 |          |      0|  0| 111|          46|          61|
    +----------------------+----------+-------+---+----+------------+------------+

    * Multiplexer: 
    +------------------------------+----+-----------+-----+-----------+
    |             Name             | LUT| Input Size| Bits| Total Bits|
    +------------------------------+----+-----------+-----+-----------+
    |ap_NS_fsm                     |  33|          6|    1|          6|
    |ap_enable_reg_pp0_iter1       |   9|          2|    1|          2|
    |ap_phi_mux_i_0_phi_fu_112_p4  |   9|          2|    9|         18|
    |din_V_address0                |  21|          4|    8|         32|
    |i_0_reg_108                   |   9|          2|    9|         18|
    +------------------------------+----+-----------+-----+-----------+
    |Total                         |  81|         16|   28|         76|
    +------------------------------+----+-----------+-----+-----------+

    * Register: 
    +---------------------------------+---+----+-----+-----------+
    |               Name              | FF| LUT| Bits| Const Bits|
    +---------------------------------+---+----+-----+-----------+
    |ap_CS_fsm                        |  5|   0|    5|          0|
    |ap_enable_reg_pp0_iter0          |  1|   0|    1|          0|
    |ap_enable_reg_pp0_iter1          |  1|   0|    1|          0|
    |i_0_reg_108                      |  9|   0|    9|          0|
    |i_reg_239                        |  9|   0|    9|          0|
    |icmp_ln22_reg_235                |  1|   0|    1|          0|
    |icmp_ln22_reg_235_pp0_iter1_reg  |  1|   0|    1|          0|
    |select_ln5_reg_250               |  8|   0|    8|          0|
    |select_ln7_reg_275               |  8|   0|    8|          0|
    |tmp_V_1_reg_270                  |  8|   0|    8|          0|
    |tmp_V_2_reg_290                  |  8|   0|    8|          0|
    |tmp_V_reg_280                    |  8|   0|    8|          0|
    |trunc_ln24_reg_245               |  8|   0|    8|          0|
    |trunc_ln_reg_295                 |  8|   0|    8|          0|
    |zext_ln24_reg_255                |  9|   0|   64|         55|
    |zext_ln24_reg_255_pp0_iter1_reg  |  9|   0|   64|         55|
    +---------------------------------+---+----+-----+-----------+
    |Total                            |101|   0|  211|        110|
    +---------------------------------+---+----+-----+-----------+



================================================================
== Interface
================================================================
* Summary: 
+-----------------+-----+-----+------------+--------------+--------------+
|    RTL Ports    | Dir | Bits|  Protocol  | Source Object|    C Type    |
+-----------------+-----+-----+------------+--------------+--------------+
|ap_clk           |  in |    1| ap_ctrl_hs |      avg     | return value |
|ap_rst           |  in |    1| ap_ctrl_hs |      avg     | return value |
|ap_start         |  in |    1| ap_ctrl_hs |      avg     | return value |
|ap_done          | out |    1| ap_ctrl_hs |      avg     | return value |
|ap_idle          | out |    1| ap_ctrl_hs |      avg     | return value |
|ap_ready         | out |    1| ap_ctrl_hs |      avg     | return value |
|din_V_address0   | out |    8|  ap_memory |     din_V    |     array    |
|din_V_ce0        | out |    1|  ap_memory |     din_V    |     array    |
|din_V_q0         |  in |    8|  ap_memory |     din_V    |     array    |
|dout_V_address0  | out |    8|  ap_memory |    dout_V    |     array    |
|dout_V_ce0       | out |    1|  ap_memory |    dout_V    |     array    |
|dout_V_we0       | out |    1|  ap_memory |    dout_V    |     array    |
|dout_V_d0        | out |    8|  ap_memory |    dout_V    |     array    |
+-----------------+-----+-----+------------+--------------+--------------+

