

================================================================
== Vivado HLS Report for 'window_avg'
================================================================
* Date:           Fri Apr  9 18:50:07 2021

* Version:        2019.2 (Build 2704478 on Wed Nov 06 22:10:23 MST 2019)
* Project:        LabA_window_2d
* Solution:       window
* Product family: zynq
* Target device:  xc7z020-clg484-1


================================================================
== Performance Estimates
================================================================
+ Timing: 
    * Summary: 
    +--------+---------+----------+------------+
    |  Clock |  Target | Estimated| Uncertainty|
    +--------+---------+----------+------------+
    |ap_clk  | 5.00 ns | 4.188 ns |   0.63 ns  |
    +--------+---------+----------+------------+

+ Latency: 
    * Summary: 
    +---------+---------+----------+----------+--------+--------+---------+
    |  Latency (cycles) |  Latency (absolute) |     Interval    | Pipeline|
    |   min   |   max   |    min   |    max   |   min  |   max  |   Type  |
    +---------+---------+----------+----------+--------+--------+---------+
    |   346333|   346333| 1.732 ms | 1.732 ms |  346333|  346333|   none  |
    +---------+---------+----------+----------+--------+--------+---------+

    + Detail: 
        * Instance: 
        +---------------------+----------+---------+---------+-----------+-----------+-----+-----+----------+
        |                     |          |  Latency (cycles) |   Latency (absolute)  |  Interval | Pipeline |
        |       Instance      |  Module  |   min   |   max   |    min    |    max    | min | max |   Type   |
        +---------------------+----------+---------+---------+-----------+-----------+-----+-----+----------+
        |grp_buffer_r_fu_156  |buffer_r  |        4|        4| 20.000 ns | 20.000 ns |    1|    1| function |
        +---------------------+----------+---------+---------+-----------+-----------+-----+-----+----------+

        * Loop: 
        +-----------+---------+---------+----------+-----------+-----------+--------+----------+
        |           |  Latency (cycles) | Iteration|  Initiation Interval  |  Trip  |          |
        | Loop Name |   min   |   max   |  Latency |  achieved |   target  |  Count | Pipelined|
        +-----------+---------+---------+----------+-----------+-----------+--------+----------+
        |- ROW_COL  |   346331|   346331|        13|          1|          1|  346320|    yes   |
        +-----------+---------+---------+----------+-----------+-----------+--------+----------+



================================================================
== Utilization Estimates
================================================================
* Summary: 
+-----------------+---------+-------+--------+-------+-----+
|       Name      | BRAM_18K| DSP48E|   FF   |  LUT  | URAM|
+-----------------+---------+-------+--------+-------+-----+
|DSP              |        -|      2|       -|      -|    -|
|Expression       |        -|      -|       0|    238|    -|
|FIFO             |        -|      -|       -|      -|    -|
|Instance         |        2|      -|     424|    312|    0|
|Memory           |        -|      -|       -|      -|    -|
|Multiplexer      |        -|      -|       -|     75|    -|
|Register         |        0|      -|     689|    256|    -|
+-----------------+---------+-------+--------+-------+-----+
|Total            |        2|      2|    1113|    881|    0|
+-----------------+---------+-------+--------+-------+-----+
|Available        |      280|    220|  106400|  53200|    0|
+-----------------+---------+-------+--------+-------+-----+
|Utilization (%)  |    ~0   |   ~0  |       1|      1|    0|
+-----------------+---------+-------+--------+-------+-----+

+ Detail: 
    * Instance: 
    +---------------------+----------+---------+-------+-----+-----+-----+
    |       Instance      |  Module  | BRAM_18K| DSP48E|  FF | LUT | URAM|
    +---------------------+----------+---------+-------+-----+-----+-----+
    |grp_buffer_r_fu_156  |buffer_r  |        2|      0|  424|  312|    0|
    +---------------------+----------+---------+-------+-----+-----+-----+
    |Total                |          |        2|      0|  424|  312|    0|
    +---------------------+----------+---------+-------+-----+-----+-----+

    * DSP48E: 
    +-------------------------+----------------------+--------------+
    |         Instance        |        Module        |  Expression  |
    +-------------------------+----------------------+--------------+
    |window_avg_mac_mudEe_U5  |window_avg_mac_mudEe  | i0 + i1 * i2 |
    |window_avg_mac_mueOg_U6  |window_avg_mac_mueOg  | i0 + i1 * i2 |
    +-------------------------+----------------------+--------------+

    * Memory: 
    N/A

    * FIFO: 
    N/A

    * Expression: 
    +-------------------------+----------+-------+---+----+------------+------------+
    |      Variable Name      | Operation| DSP48E| FF| LUT| Bitwidth P0| Bitwidth P1|
    +-------------------------+----------+-------+---+----+------------+------------+
    |add_ln52_1_fu_186_p2     |     +    |      0|  0|  26|          19|           1|
    |add_ln52_fu_294_p2       |     +    |      0|  0|  14|          10|           2|
    |c_fu_254_p2              |     +    |      0|  0|  14|          10|           1|
    |p_Val2_6_fu_366_p2       |     +    |      0|  0|  10|          10|          10|
    |r_fu_192_p2              |     +    |      0|  0|  15|           9|           1|
    |ret_V_fu_357_p2          |     +    |      0|  0|  10|          10|          10|
    |icmp_ln13_fu_248_p2      |   icmp   |      0|  0|  13|           9|           1|
    |icmp_ln52_fu_180_p2      |   icmp   |      0|  0|  18|          19|          19|
    |icmp_ln54_fu_198_p2      |   icmp   |      0|  0|  13|          10|          10|
    |icmp_ln56_1_fu_218_p2    |   icmp   |      0|  0|  13|           9|           7|
    |icmp_ln56_fu_212_p2      |   icmp   |      0|  0|  13|           9|           7|
    |icmp_ln61_1_fu_230_p2    |   icmp   |      0|  0|  13|           9|           1|
    |icmp_ln61_fu_224_p2      |   icmp   |      0|  0|  13|           9|           1|
    |din_tmp_V_3_fu_280_p3    |  select  |      0|  0|   8|           1|           8|
    |p_Val2_3_fu_329_p3       |  select  |      0|  0|   8|           1|           8|
    |p_Val2_s_fu_321_p3       |  select  |      0|  0|   8|           1|           8|
    |select_ln52_1_fu_260_p3  |  select  |      0|  0|   2|           1|           1|
    |select_ln52_2_fu_265_p3  |  select  |      0|  0|   2|           1|           1|
    |select_ln52_3_fu_236_p3  |  select  |      0|  0|   9|           1|           9|
    |select_ln52_4_fu_304_p3  |  select  |      0|  0|   2|           1|           1|
    |select_ln52_fu_204_p3    |  select  |      0|  0|  10|           1|           1|
    |ap_enable_pp0            |    xor   |      0|  0|   2|           1|           2|
    |ap_enable_reg_pp0_iter1  |    xor   |      0|  0|   2|           2|           1|
    +-------------------------+----------+-------+---+----+------------+------------+
    |Total                    |          |      0|  0| 238|         153|         111|
    +-------------------------+----------+-------+---+----+------------+------------+

    * Multiplexer: 
    +-----------------------------------+----+-----------+-----+-----------+
    |                Name               | LUT| Input Size| Bits| Total Bits|
    +-----------------------------------+----+-----------+-----+-----------+
    |ap_NS_fsm                          |  21|          4|    1|          4|
    |ap_enable_reg_pp0_iter1            |   9|          2|    1|          2|
    |ap_enable_reg_pp0_iter12           |   9|          2|    1|          2|
    |ap_phi_mux_r_assign_phi_fu_138_p4  |   9|          2|    9|         18|
    |c_0_reg_145                        |   9|          2|   10|         20|
    |indvar_flatten_reg_123             |   9|          2|   19|         38|
    |r_assign_reg_134                   |   9|          2|    9|         18|
    +-----------------------------------+----+-----------+-----+-----------+
    |Total                              |  75|         16|   50|        102|
    +-----------------------------------+----+-----------+-----+-----------+

    * Register: 
    +----------------------------------+----+----+-----+-----------+
    |               Name               | FF | LUT| Bits| Const Bits|
    +----------------------------------+----+----+-----+-----------+
    |add_ln281_reg_480                 |  19|   0|   19|          0|
    |ap_CS_fsm                         |   3|   0|    3|          0|
    |ap_enable_reg_pp0_iter0           |   1|   0|    1|          0|
    |ap_enable_reg_pp0_iter1           |   1|   0|    1|          0|
    |ap_enable_reg_pp0_iter10          |   1|   0|    1|          0|
    |ap_enable_reg_pp0_iter11          |   1|   0|    1|          0|
    |ap_enable_reg_pp0_iter12          |   1|   0|    1|          0|
    |ap_enable_reg_pp0_iter2           |   1|   0|    1|          0|
    |ap_enable_reg_pp0_iter3           |   1|   0|    1|          0|
    |ap_enable_reg_pp0_iter4           |   1|   0|    1|          0|
    |ap_enable_reg_pp0_iter5           |   1|   0|    1|          0|
    |ap_enable_reg_pp0_iter6           |   1|   0|    1|          0|
    |ap_enable_reg_pp0_iter7           |   1|   0|    1|          0|
    |ap_enable_reg_pp0_iter8           |   1|   0|    1|          0|
    |ap_enable_reg_pp0_iter9           |   1|   0|    1|          0|
    |c_0_reg_145                       |  10|   0|   10|          0|
    |din_tmp_V_2_fu_94                 |   8|   0|    8|          0|
    |din_tmp_V_3_reg_495               |   8|   0|    8|          0|
    |din_tmp_V_reg_490                 |   8|   0|    8|          0|
    |dout_V_addr_reg_520               |  19|   0|   19|          0|
    |grp_buffer_r_fu_156_ap_start_reg  |   1|   0|    1|          0|
    |icmp_ln13_reg_460                 |   1|   0|    1|          0|
    |icmp_ln52_reg_405                 |   1|   0|    1|          0|
    |icmp_ln54_reg_414                 |   1|   0|    1|          0|
    |icmp_ln56_1_reg_433               |   1|   0|    1|          0|
    |icmp_ln56_reg_428                 |   1|   0|    1|          0|
    |icmp_ln61_1_reg_443               |   1|   0|    1|          0|
    |icmp_ln61_reg_438                 |   1|   0|    1|          0|
    |indvar_flatten_reg_123            |  19|   0|   19|          0|
    |p_Val2_3_reg_515                  |   8|   0|    8|          0|
    |p_Val2_s_reg_510                  |   8|   0|    8|          0|
    |r_assign_reg_134                  |   9|   0|    9|          0|
    |select_ln52_1_reg_470             |   1|   0|    1|          0|
    |select_ln52_2_reg_476             |   1|   0|    1|          0|
    |select_ln52_3_reg_449             |   9|   0|    9|          0|
    |select_ln52_reg_421               |  10|   0|   10|          0|
    |trunc_ln_reg_525                  |   8|   0|    8|          0|
    |w_1_V_reg_505                     |   8|   0|    8|          0|
    |icmp_ln13_reg_460                 |  64|  32|    1|          0|
    |icmp_ln52_reg_405                 |  64|  32|    1|          0|
    |icmp_ln54_reg_414                 |  64|  32|    1|          0|
    |icmp_ln61_1_reg_443               |  64|  32|    1|          0|
    |select_ln52_1_reg_470             |  64|  32|    1|          0|
    |select_ln52_2_reg_476             |  64|  32|    1|          0|
    |select_ln52_3_reg_449             |  64|  32|    9|          0|
    |select_ln52_reg_421               |  64|  32|   10|          0|
    +----------------------------------+----+----+-----+-----------+
    |Total                             | 689| 256|  202|          0|
    +----------------------------------+----+----+-----+-----------+



================================================================
== Interface
================================================================
* Summary: 
+-----------------+-----+-----+------------+--------------+--------------+
|    RTL Ports    | Dir | Bits|  Protocol  | Source Object|    C Type    |
+-----------------+-----+-----+------------+--------------+--------------+
|ap_clk           |  in |    1| ap_ctrl_hs |  window_avg  | return value |
|ap_rst           |  in |    1| ap_ctrl_hs |  window_avg  | return value |
|ap_start         |  in |    1| ap_ctrl_hs |  window_avg  | return value |
|ap_done          | out |    1| ap_ctrl_hs |  window_avg  | return value |
|ap_idle          | out |    1| ap_ctrl_hs |  window_avg  | return value |
|ap_ready         | out |    1| ap_ctrl_hs |  window_avg  | return value |
|din_V_address0   | out |   19|  ap_memory |     din_V    |     array    |
|din_V_ce0        | out |    1|  ap_memory |     din_V    |     array    |
|din_V_q0         |  in |    8|  ap_memory |     din_V    |     array    |
|dout_V_address0  | out |   19|  ap_memory |    dout_V    |     array    |
|dout_V_ce0       | out |    1|  ap_memory |    dout_V    |     array    |
|dout_V_we0       | out |    1|  ap_memory |    dout_V    |     array    |
|dout_V_d0        | out |    8|  ap_memory |    dout_V    |     array    |
+-----------------+-----+-----+------------+--------------+--------------+

